{"C:\\Users\\PICHAU\\Desktop\\react\\src\\data\\protocols\\http\\http-response.ts": {"path":"C:\\Users\\PICHAU\\Desktop\\react\\src\\data\\protocols\\http\\http-response.ts","statementMap":{"0":{"start":{"line":1,"column":0},"end":{"line":1,"column":null}},"1":{"start":{"line":2,"column":2},"end":{"line":2,"column":null}},"2":{"start":{"line":3,"column":2},"end":{"line":3,"column":null}},"3":{"start":{"line":4,"column":2},"end":{"line":4,"column":null}},"4":{"start":{"line":5,"column":2},"end":{"line":5,"column":null}},"5":{"start":{"line":6,"column":2},"end":{"line":6,"column":null}},"6":{"start":{"line":7,"column":2},"end":{"line":7,"column":null}}},"fnMap":{"0":{"name":"(anonymous_0)","decl":{"start":{"line":1,"column":0},"end":{"line":1,"column":12}},"loc":{"start":{"line":1,"column":26},"end":{"line":8,"column":1}}}},"branchMap":{"0":{"loc":{"start":{"line":1,"column":12},"end":{"line":1,"column":26}},"type":"binary-expr","locations":[{"start":{"line":1,"column":12},"end":{"line":1,"column":26}},{"start":{"line":1,"column":12},"end":{"line":1,"column":null}}]}},"s":{"0":2,"1":2,"2":2,"3":2,"4":2,"5":2,"6":2},"f":{"0":2},"b":{"0":[2,2]}}
,"C:\\Users\\PICHAU\\Desktop\\react\\src\\data\\protocols\\http\\index.ts": {"path":"C:\\Users\\PICHAU\\Desktop\\react\\src\\data\\protocols\\http\\index.ts","statementMap":{"0":{"start":{"line":1,"column":0},"end":{"line":1,"column":34}},"1":{"start":{"line":2,"column":0},"end":{"line":2,"column":31}}},"fnMap":{},"branchMap":{},"s":{"0":2,"1":2},"f":{},"b":{}}
,"C:\\Users\\PICHAU\\Desktop\\react\\src\\data\\test\\index.ts": {"path":"C:\\Users\\PICHAU\\Desktop\\react\\src\\data\\test\\index.ts","statementMap":{"0":{"start":{"line":1,"column":0},"end":{"line":1,"column":34}},"1":{"start":{"line":2,"column":0},"end":{"line":2,"column":32}}},"fnMap":{},"branchMap":{},"s":{"0":2,"1":2},"f":{},"b":{}}
,"C:\\Users\\PICHAU\\Desktop\\react\\src\\data\\test\\mock-http-client.ts": {"path":"C:\\Users\\PICHAU\\Desktop\\react\\src\\data\\test\\mock-http-client.ts","statementMap":{"0":{"start":{"line":1,"column":0},"end":{"line":1,"column":100}},"1":{"start":{"line":3,"column":0},"end":{"line":3,"column":13}},"2":{"start":{"line":6,"column":2},"end":{"line":8,"column":null}},"3":{"start":{"line":10,"column":8},"end":{"line":14,"column":null}},"4":{"start":{"line":11,"column":4},"end":{"line":11,"column":null}},"5":{"start":{"line":12,"column":4},"end":{"line":12,"column":null}},"6":{"start":{"line":13,"column":4},"end":{"line":13,"column":null}},"7":{"start":{"line":15,"column":0},"end":{"line":15,"column":null}},"8":{"start":{"line":3,"column":13},"end":{"line":3,"column":30}}},"fnMap":{"0":{"name":"(anonymous_13)","decl":{"start":{"line":3,"column":0},"end":{"line":3,"column":13}},"loc":{"start":{"line":3,"column":0},"end":{"line":15,"column":null}}},"1":{"name":"(anonymous_15)","decl":{"start":{"line":10,"column":2},"end":{"line":10,"column":8}},"loc":{"start":{"line":10,"column":39},"end":{"line":14,"column":null}}}},"branchMap":{},"s":{"0":2,"1":2,"2":6,"3":2,"4":6,"5":6,"6":6,"7":2,"8":2},"f":{"0":8,"1":6},"b":{}}
,"C:\\Users\\PICHAU\\Desktop\\react\\src\\data\\test\\mock-http-post.ts": {"path":"C:\\Users\\PICHAU\\Desktop\\react\\src\\data\\test\\mock-http-post.ts","statementMap":{"0":{"start":{"line":3,"column":0},"end":{"line":3,"column":25}},"1":{"start":{"line":5,"column":13},"end":{"line":8,"column":null}},"2":{"start":{"line":5,"column":58},"end":{"line":8,"column":null}}},"fnMap":{"0":{"name":"(anonymous_1)","decl":{"start":{"line":5,"column":31},"end":{"line":5,"column":58}},"loc":{"start":{"line":5,"column":31},"end":{"line":5,"column":59}}}},"branchMap":{},"s":{"0":2,"1":2,"2":2},"f":{"0":2},"b":{}}
,"C:\\Users\\PICHAU\\Desktop\\react\\src\\data\\usecases\\authentication\\remote-authentication.ts": {"path":"C:\\Users\\PICHAU\\Desktop\\react\\src\\data\\usecases\\authentication\\remote-authentication.ts","statementMap":{"0":{"start":{"line":2,"column":0},"end":{"line":2,"column":54}},"1":{"start":{"line":4,"column":0},"end":{"line":4,"column":74}},"2":{"start":{"line":7,"column":0},"end":{"line":7,"column":null}},"3":{"start":{"line":9,"column":21},"end":{"line":9,"column":32}},"4":{"start":{"line":10,"column":21},"end":{"line":10,"column":87}},"5":{"start":{"line":13,"column":8},"end":{"line":24,"column":null}},"6":{"start":{"line":14,"column":25},"end":{"line":17,"column":null}},"7":{"start":{"line":14,"column":10},"end":{"line":17,"column":null}},"8":{"start":{"line":19,"column":4},"end":{"line":23,"column":null}},"9":{"start":{"line":20,"column":30},"end":{"line":20,"column":null}},"10":{"start":{"line":21,"column":40},"end":{"line":21,"column":null}},"11":{"start":{"line":22,"column":15},"end":{"line":22,"column":null}},"12":{"start":{"line":25,"column":0},"end":{"line":25,"column":null}},"13":{"start":{"line":27,"column":0},"end":{"line":27,"column":null}}},"fnMap":{"0":{"name":"(anonymous_13)","decl":{"start":{"line":7,"column":0},"end":{"line":7,"column":null}},"loc":{"start":{"line":7,"column":0},"end":{"line":25,"column":null}}},"1":{"name":"RemoteAuthentication","decl":{"start":{"line":8,"column":2},"end":{"line":8,"column":null}},"loc":{"start":{"line":10,"column":87},"end":{"line":11,"column":6}}},"2":{"name":"(anonymous_15)","decl":{"start":{"line":13,"column":2},"end":{"line":13,"column":8}},"loc":{"start":{"line":13,"column":42},"end":{"line":24,"column":null}}}},"branchMap":{"0":{"loc":{"start":{"line":14,"column":25},"end":{"line":17,"column":null}},"type":"switch","locations":[{"start":{"line":14,"column":25},"end":{"line":17,"column":null}}]},"1":{"loc":{"start":{"line":20,"column":6},"end":{"line":20,"column":null}},"type":"switch","locations":[{"start":{"line":20,"column":6},"end":{"line":20,"column":null}},{"start":{"line":21,"column":6},"end":{"line":21,"column":null}},{"start":{"line":22,"column":6},"end":{"line":22,"column":null}}]}},"s":{"0":1,"1":1,"2":1,"3":6,"4":6,"5":1,"6":6,"7":6,"8":6,"9":3,"10":1,"11":2,"12":1,"13":1},"f":{"0":1,"1":6,"2":6},"b":{"0":[6],"1":[3,1,2]}}
,"C:\\Users\\PICHAU\\Desktop\\react\\src\\domain\\errors\\index.ts": {"path":"C:\\Users\\PICHAU\\Desktop\\react\\src\\domain\\errors\\index.ts","statementMap":{"0":{"start":{"line":1,"column":0},"end":{"line":1,"column":43}},"1":{"start":{"line":2,"column":0},"end":{"line":2,"column":34}}},"fnMap":{},"branchMap":{},"s":{"0":1,"1":1},"f":{},"b":{}}
,"C:\\Users\\PICHAU\\Desktop\\react\\src\\domain\\errors\\invalid-credentilas-error.ts": {"path":"C:\\Users\\PICHAU\\Desktop\\react\\src\\domain\\errors\\invalid-credentilas-error.ts","statementMap":{"0":{"start":{"line":1,"column":0},"end":{"line":1,"column":null}},"1":{"start":{"line":1,"column":45},"end":{"line":1,"column":50}},"2":{"start":{"line":3,"column":4},"end":{"line":3,"column":null}},"3":{"start":{"line":4,"column":4},"end":{"line":4,"column":null}},"4":{"start":{"line":6,"column":0},"end":{"line":6,"column":null}},"5":{"start":{"line":1,"column":13},"end":{"line":1,"column":36}}},"fnMap":{"0":{"name":"(anonymous_6)","decl":{"start":{"line":1,"column":0},"end":{"line":1,"column":13}},"loc":{"start":{"line":1,"column":0},"end":{"line":6,"column":null}}},"1":{"name":"InvalidCredentialsError","decl":{"start":{"line":2,"column":2},"end":{"line":2,"column":null}},"loc":{"start":{"line":2,"column":2},"end":{"line":5,"column":3}}}},"branchMap":{"0":{"loc":{"start":{"line":3,"column":4},"end":{"line":3,"column":34}},"type":"binary-expr","locations":[{"start":{"line":3,"column":4},"end":{"line":3,"column":34}},{"start":{"line":3,"column":34},"end":{"line":3,"column":null}}]}},"s":{"0":1,"1":1,"2":2,"3":2,"4":1,"5":1},"f":{"0":1,"1":2},"b":{"0":[2,0]}}
,"C:\\Users\\PICHAU\\Desktop\\react\\src\\domain\\errors\\unexpected-error.ts": {"path":"C:\\Users\\PICHAU\\Desktop\\react\\src\\domain\\errors\\unexpected-error.ts","statementMap":{"0":{"start":{"line":1,"column":0},"end":{"line":1,"column":null}},"1":{"start":{"line":1,"column":37},"end":{"line":1,"column":42}},"2":{"start":{"line":3,"column":4},"end":{"line":3,"column":null}},"3":{"start":{"line":4,"column":4},"end":{"line":4,"column":null}},"4":{"start":{"line":6,"column":0},"end":{"line":6,"column":null}},"5":{"start":{"line":1,"column":13},"end":{"line":1,"column":28}}},"fnMap":{"0":{"name":"(anonymous_6)","decl":{"start":{"line":1,"column":0},"end":{"line":1,"column":13}},"loc":{"start":{"line":1,"column":0},"end":{"line":6,"column":null}}},"1":{"name":"UnexpectedError","decl":{"start":{"line":2,"column":2},"end":{"line":2,"column":null}},"loc":{"start":{"line":2,"column":2},"end":{"line":5,"column":3}}}},"branchMap":{"0":{"loc":{"start":{"line":3,"column":4},"end":{"line":3,"column":28}},"type":"binary-expr","locations":[{"start":{"line":3,"column":4},"end":{"line":3,"column":28}},{"start":{"line":3,"column":28},"end":{"line":3,"column":null}}]}},"s":{"0":1,"1":1,"2":4,"3":4,"4":1,"5":1},"f":{"0":1,"1":4},"b":{"0":[4,0]}}
,"C:\\Users\\PICHAU\\Desktop\\react\\src\\domain\\models\\index.ts": {"path":"C:\\Users\\PICHAU\\Desktop\\react\\src\\domain\\models\\index.ts","statementMap":{"0":{"start":{"line":1,"column":0},"end":{"line":1,"column":31}}},"fnMap":{},"branchMap":{},"s":{"0":0},"f":{},"b":{}}
,"C:\\Users\\PICHAU\\Desktop\\react\\src\\domain\\test\\index.ts": {"path":"C:\\Users\\PICHAU\\Desktop\\react\\src\\domain\\test\\index.ts","statementMap":{"0":{"start":{"line":1,"column":0},"end":{"line":1,"column":36}},"1":{"start":{"line":2,"column":0},"end":{"line":2,"column":37}}},"fnMap":{},"branchMap":{},"s":{"0":1,"1":1},"f":{},"b":{}}
,"C:\\Users\\PICHAU\\Desktop\\react\\src\\domain\\test\\mock-account-model.ts": {"path":"C:\\Users\\PICHAU\\Desktop\\react\\src\\domain\\test\\mock-account-model.ts","statementMap":{"0":{"start":{"line":2,"column":0},"end":{"line":2,"column":25}},"1":{"start":{"line":4,"column":13},"end":{"line":6,"column":null}},"2":{"start":{"line":4,"column":52},"end":{"line":6,"column":null}}},"fnMap":{"0":{"name":"(anonymous_1)","decl":{"start":{"line":4,"column":32},"end":{"line":4,"column":52}},"loc":{"start":{"line":4,"column":32},"end":{"line":4,"column":53}}}},"branchMap":{},"s":{"0":1,"1":1,"2":1},"f":{"0":1},"b":{}}
,"C:\\Users\\PICHAU\\Desktop\\react\\src\\domain\\test\\mock-authentication.ts": {"path":"C:\\Users\\PICHAU\\Desktop\\react\\src\\domain\\test\\mock-authentication.ts","statementMap":{"0":{"start":{"line":2,"column":0},"end":{"line":2,"column":25}},"1":{"start":{"line":4,"column":13},"end":{"line":7,"column":null}},"2":{"start":{"line":4,"column":62},"end":{"line":7,"column":null}}},"fnMap":{"0":{"name":"(anonymous_1)","decl":{"start":{"line":4,"column":34},"end":{"line":4,"column":62}},"loc":{"start":{"line":4,"column":34},"end":{"line":4,"column":63}}}},"branchMap":{},"s":{"0":1,"1":1,"2":6},"f":{"0":6},"b":{}}
,"C:\\Users\\PICHAU\\Desktop\\react\\src\\domain\\usecases\\index.ts": {"path":"C:\\Users\\PICHAU\\Desktop\\react\\src\\domain\\usecases\\index.ts","statementMap":{"0":{"start":{"line":1,"column":0},"end":{"line":1,"column":32}}},"fnMap":{},"branchMap":{},"s":{"0":0},"f":{},"b":{}}
,"C:\\Users\\PICHAU\\Desktop\\react\\src\\infra\\http\\axios-http-client\\axios-http-client.ts": {"path":"C:\\Users\\PICHAU\\Desktop\\react\\src\\infra\\http\\axios-http-client\\axios-http-client.ts","statementMap":{"0":{"start":{"line":2,"column":0},"end":{"line":2,"column":25}},"1":{"start":{"line":4,"column":0},"end":{"line":4,"column":13}},"2":{"start":{"line":5,"column":8},"end":{"line":11,"column":null}},"3":{"start":{"line":6,"column":25},"end":{"line":6,"column":null}},"4":{"start":{"line":6,"column":10},"end":{"line":6,"column":null}},"5":{"start":{"line":7,"column":4},"end":{"line":10,"column":null}},"6":{"start":{"line":12,"column":0},"end":{"line":12,"column":null}},"7":{"start":{"line":4,"column":13},"end":{"line":4,"column":28}}},"fnMap":{"0":{"name":"(anonymous_14)","decl":{"start":{"line":4,"column":0},"end":{"line":4,"column":13}},"loc":{"start":{"line":4,"column":0},"end":{"line":12,"column":null}}},"1":{"name":"(anonymous_16)","decl":{"start":{"line":5,"column":2},"end":{"line":5,"column":8}},"loc":{"start":{"line":5,"column":41},"end":{"line":11,"column":null}}}},"branchMap":{"0":{"loc":{"start":{"line":6,"column":25},"end":{"line":6,"column":null}},"type":"switch","locations":[{"start":{"line":6,"column":25},"end":{"line":6,"column":null}}]}},"s":{"0":1,"1":1,"2":1,"3":2,"4":2,"5":2,"6":1,"7":1},"f":{"0":3,"1":2},"b":{"0":[2]}}
,"C:\\Users\\PICHAU\\Desktop\\react\\src\\infra\\test\\mock-axios.ts": {"path":"C:\\Users\\PICHAU\\Desktop\\react\\src\\infra\\test\\mock-axios.ts","statementMap":{"0":{"start":{"line":1,"column":0},"end":{"line":1,"column":25}},"1":{"start":{"line":2,"column":0},"end":{"line":2,"column":25}},"2":{"start":{"line":4,"column":13},"end":{"line":11,"column":null}},"3":{"start":{"line":5,"column":22},"end":{"line":5,"column":56}},"4":{"start":{"line":6,"column":2},"end":{"line":9,"column":null}},"5":{"start":{"line":10,"column":2},"end":{"line":10,"column":null}}},"fnMap":{"0":{"name":"(anonymous_1)","decl":{"start":{"line":4,"column":25},"end":{"line":4,"column":null}},"loc":{"start":{"line":4,"column":25},"end":{"line":11,"column":1}}}},"branchMap":{},"s":{"0":1,"1":1,"2":1,"3":2,"4":2,"5":2},"f":{"0":2},"b":{}}
}
